Unity Editor version:    2020.3.19f1 (68f137dc9bbe)
Branch:                  2020.3/staging
Build type:              Release
Batch mode:              YES
macOS version:           Version 12.6 (Build 21G115)
Darwin version:          21.6.0
Architecture:            x86_64
Running under Rosetta:   NO
Available memory:        8192 MB
Using pre-set license
Pro License: NO

COMMAND LINE ARGUMENTS:
/Applications/Unity/Unity.app/Contents/MacOS/Unity
-adb2
-batchMode
-noUpm
-name
AssetImportWorker0
-projectPath
/Users/a111/Documents/GitHub/rigd/Menu
-logFile
Logs/AssetImportWorker0.log
-srvPort
55795
Successfully changed project path to: /Users/a111/Documents/GitHub/rigd/Menu
/Users/a111/Documents/GitHub/rigd/Menu
Using Asset Import Pipeline V2.
Refreshing native plugins compatible for Editor in 38.40 ms, found 2 plugins.
Preloading 0 native plugins for Editor in 0.00 ms.
Initialize engine version: 2020.3.19f1 (68f137dc9bbe)
[Subsystems] Discovering subsystems at path /Applications/Unity/Unity.app/Contents/Resources/UnitySubsystems
[Subsystems] Discovering subsystems at path /Users/a111/Documents/GitHub/rigd/Menu/Assets
GfxDevice: creating device client; threaded=0
2022-10-09 16:38:13.059 Unity[6110:274876] Color LCD preferred device: Intel(R) Iris(TM) Plus Graphics 655 (low power)
2022-10-09 16:38:13.059 Unity[6110:274876] Metal devices available: 1
2022-10-09 16:38:13.060 Unity[6110:274876] 0: Intel(R) Iris(TM) Plus Graphics 655 (low power)
2022-10-09 16:38:13.060 Unity[6110:274876] Using device Intel(R) Iris(TM) Plus Graphics 655 (low power)
Initializing Metal device caps: Intel(R) Iris(TM) Plus Graphics 655
Initialize mono
Mono path[0] = '/Applications/Unity/Unity.app/Contents/Managed'
Mono path[1] = '/Applications/Unity/Unity.app/Contents/MonoBleedingEdge/lib/mono/unityjit'
Mono config path = '/Applications/Unity/Unity.app/Contents/MonoBleedingEdge/etc'
Using monoOptions --debugger-agent=transport=dt_socket,embedding=1,server=y,suspend=n,address=127.0.0.1:56110
Begin MonoManager ReloadAssembly
Registering precompiled unity dll's ...
Register platform support module: /Applications/Unity/Unity.app/Contents/PlaybackEngines/MacStandaloneSupport/UnityEditor.OSXStandalone.Extensions.dll
Registered in 0.003021 seconds.
Native extension for OSXStandalone target not found
Refreshing native plugins compatible for Editor in 35.19 ms, found 2 plugins.
Preloading 0 native plugins for Editor in 0.00 ms.
Mono: successfully reloaded assembly
- Completed reload, in  1.678 seconds
Domain Reload Profiling:
	ReloadAssembly (1678ms)
		BeginReloadAssembly (45ms)
			ExecutionOrderSort (0ms)
			DisableScriptedObjects (0ms)
			BackupInstance (0ms)
			ReleaseScriptingObjects (0ms)
			CreateAndSetChildDomain (1ms)
		EndReloadAssembly (524ms)
			LoadAssemblies (46ms)
			RebuildTransferFunctionScriptingTraits (0ms)
			SetupTypeCache (209ms)
			ReleaseScriptCaches (0ms)
			RebuildScriptCaches (44ms)
			SetupLoadedEditorAssemblies (206ms)
				LogAssemblyErrors (0ms)
				InitializePlatformSupportModulesInManaged (4ms)
				SetLoadedEditorAssemblies (0ms)
				RefreshPlugins (35ms)
				BeforeProcessingInitializeOnLoad (9ms)
				ProcessInitializeOnLoadAttributes (121ms)
				ProcessInitializeOnLoadMethodAttributes (36ms)
				AfterProcessingInitializeOnLoad (0ms)
				EditorAssembliesLoaded (0ms)
			ExecutionOrderSort2 (0ms)
			AwakeInstancesAfterBackupRestoration (0ms)
Platform modules already initialized, skipping
Registering precompiled user dll's ...
Registered in 0.009427 seconds.
Begin MonoManager ReloadAssembly
Native extension for OSXStandalone target not found
Refreshing native plugins compatible for Editor in 0.41 ms, found 2 plugins.
Preloading 0 native plugins for Editor in 0.00 ms.
Mono: successfully reloaded assembly
- Completed reload, in  1.266 seconds
Domain Reload Profiling:
	ReloadAssembly (1267ms)
		BeginReloadAssembly (172ms)
			ExecutionOrderSort (0ms)
			DisableScriptedObjects (6ms)
			BackupInstance (0ms)
			ReleaseScriptingObjects (0ms)
			CreateAndSetChildDomain (27ms)
		EndReloadAssembly (1024ms)
			LoadAssemblies (120ms)
			RebuildTransferFunctionScriptingTraits (0ms)
			SetupTypeCache (375ms)
			ReleaseScriptCaches (1ms)
			RebuildScriptCaches (60ms)
			SetupLoadedEditorAssemblies (338ms)
				LogAssemblyErrors (0ms)
				InitializePlatformSupportModulesInManaged (6ms)
				SetLoadedEditorAssemblies (1ms)
				RefreshPlugins (0ms)
				BeforeProcessingInitializeOnLoad (52ms)
				ProcessInitializeOnLoadAttributes (272ms)
				ProcessInitializeOnLoadMethodAttributes (5ms)
				AfterProcessingInitializeOnLoad (1ms)
				EditorAssembliesLoaded (0ms)
			ExecutionOrderSort2 (0ms)
			AwakeInstancesAfterBackupRestoration (9ms)
Platform modules already initialized, skipping
Validating Project structure ... 0.009493 seconds.
Shader import version has changed; will reimport all shaders...
Upgrading shader files ...0.019032 seconds.
Application.AssetDatabase Initial Script Refresh Start
RefreshInfo: InitialScriptRefreshV2(NoUpdateAssetOptions) scanfilter:  ... 1 filters
RefreshProfiler: Total: 0.000ms
Application.AssetDatabase Initial Script Refresh End
Application.AssetDatabase.Refresh Start
Application.AssetDatabase.Refresh End
RefreshInfo: StopAssetImportingV2(ForceSynchronousImport) scanfilter: 
RefreshProfiler: Total: 0.000ms
Launching external process: /Applications/Unity/Unity.app/Contents/Tools/UnityShaderCompiler
Launched and connected shader compiler UnityShaderCompiler after 0.02 seconds
Initializing Unity extensions:
2022-10-09 16:38:17.356 Unity[6110:274876] NSEventModifierFlagFunction specified to -setKeyEquivalentModifierMask: for item <NSMenuItem: 0x60000120a290 Font Asset, ke='Command-F12'>, but is only supported for system-provided menu items; will not be used
2022-10-09 16:38:17.360 Unity[6110:274876] NSEventModifierFlagFunction specified to -setKeyEquivalentModifierMask: for item <NSMenuItem: 0x60000123b410 Font Asset, ke='Command-F12'>, but is only supported for system-provided menu items; will not be used
========================================================================
Worker process is ready to serve import requests
Refreshing native plugins compatible for Editor in 0.38 ms, found 2 plugins.
Preloading 0 native plugins for Editor in 0.00 ms.
Unloading 1442 Unused Serialized files (Serialized files now loaded: 0)
System memory in use before: 165.6 MB.
System memory in use after: 164.7 MB.

Unloading 100 unused Assets to reduce memory usage. Loaded Objects now: 1920.
Total: 3.810693 ms (FindLiveObjects: 0.194691 ms CreateObjectMapping: 0.044407 ms MarkObjects: 2.749922 ms  DeleteObjects: 0.820624 ms)

AssetImportParameters requested are different than current active one (requested -> active):
  custom:video-decoder-ogg-theora: a1e56fd34408186e4bbccfd4996cb3dc -> 
  custom:container-muxer-webm: aa71ff27fc2769a1b78a27578f13a17b -> 
  custom:container-demuxer-webm: 4f35f7cbe854078d1ac9338744f61a02 -> 
  custom:container-demuxer-ogg: 62fdf1f143b41e24485cea50d1cbac27 -> 
  custom:video-encoder-webm-vp8: eb34c28f22e8b96e1ab97ce403110664 -> 
  custom:framework-osx-AVFoundation: e770b220cccbd017edd2c1fefb359320 -> 
  custom:video-decoder-webm-vp8: 9c59270c3fd7afecdb556c50c9e8de78 -> 
  custom:audio-decoder-ogg-vorbis: bf7c407c2cedff20999df2af8eb42d56 -> 
  custom:audio-encoder-webm-vorbis: bf7c407c2cedff20999df2af8eb42d56 -> 
========================================================================
Received Import Request.
  path: Assets/Import/messageboard.prefab
  artifactKey: Guid(4502d3f086db24f599bda347912187a7) Importer(815301076,1909f56bfc062723c751e8b465ee728b)
Start importing Assets/Import/messageboard.prefab using Guid(4502d3f086db24f599bda347912187a7) Importer(815301076,1909f56bfc062723c751e8b465ee728b)  -> (artifact id: '111f7f9504458675e5fac2490cb27341') in 0.298034 seconds 
  Import took 0.301374 seconds .

========================================================================
Received Import Request.
  Time since last request: 8.080797 seconds.
  path: Assets/Import/materials
  artifactKey: Guid(8fa0e2a3e85ef475587365f71b8f7e92) Importer(815301076,1909f56bfc062723c751e8b465ee728b)
Start importing Assets/Import/materials using Guid(8fa0e2a3e85ef475587365f71b8f7e92) Importer(815301076,1909f56bfc062723c751e8b465ee728b)  -> (artifact id: '193a49453622eba0cbbb4b2d944fa31c') in 0.001187 seconds 
  Import took 0.004651 seconds .

========================================================================
Received Import Request.
  Time since last request: 0.337817 seconds.
  path: Assets/Import/materials/Material_0.mat
  artifactKey: Guid(eb2f3042bd7c34876b402286f07a9733) Importer(815301076,1909f56bfc062723c751e8b465ee728b)
Start importing Assets/Import/materials/Material_0.mat using Guid(eb2f3042bd7c34876b402286f07a9733) Importer(815301076,1909f56bfc062723c751e8b465ee728b)  -> (artifact id: '8e30e823ebb45a3ddd3b14e6eeb2d237') in 0.137036 seconds 
  Import took 0.140950 seconds .

========================================================================
Received Import Request.
  Time since last request: 3.074877 seconds.
  path: Assets/Import/meshes
  artifactKey: Guid(672e6efffc09c45a69238183ad85a598) Importer(815301076,1909f56bfc062723c751e8b465ee728b)
Start importing Assets/Import/meshes using Guid(672e6efffc09c45a69238183ad85a598) Importer(815301076,1909f56bfc062723c751e8b465ee728b)  -> (artifact id: 'cf5495d2ed0d543d044a62e11c217dde') in 0.001206 seconds 
  Import took 0.006707 seconds .

========================================================================
Received Import Request.
  Time since last request: 0.073934 seconds.
  path: Assets/Import/meshes/cylinderleft_2_0.asset
  artifactKey: Guid(9e6ef521a037c480187d6e6e6dd692d7) Importer(815301076,1909f56bfc062723c751e8b465ee728b)
Start importing Assets/Import/meshes/cylinderleft_2_0.asset using Guid(9e6ef521a037c480187d6e6e6dd692d7) Importer(815301076,1909f56bfc062723c751e8b465ee728b)  -> (artifact id: 'ac881e40e1ab1872314520c3a73f3e95') in 0.133618 seconds 
  Import took 0.138212 seconds .

========================================================================
Received Import Request.
  Time since last request: 0.004211 seconds.
  path: Assets/Import/meshes/cylinderright_1_0.asset
  artifactKey: Guid(e953d0fe6c0e24396836e57b02af9306) Importer(815301076,1909f56bfc062723c751e8b465ee728b)
Start importing Assets/Import/meshes/cylinderright_1_0.asset using Guid(e953d0fe6c0e24396836e57b02af9306) Importer(815301076,1909f56bfc062723c751e8b465ee728b)  -> (artifact id: '9e0b8ab436e834a0b45ccbd85ebd1a9c') in 0.013049 seconds 
  Import took 0.017022 seconds .

========================================================================
Received Import Request.
  Time since last request: 0.000296 seconds.
  path: Assets/Import/meshes/messageboard_0_0.asset
  artifactKey: Guid(e9227944089704b0e90c63cc45292b61) Importer(815301076,1909f56bfc062723c751e8b465ee728b)
Start importing Assets/Import/meshes/messageboard_0_0.asset using Guid(e9227944089704b0e90c63cc45292b61) Importer(815301076,1909f56bfc062723c751e8b465ee728b)  -> (artifact id: '7b4f421d2cce9634456fa6d81f7acae3') in 0.008684 seconds 
  Import took 0.011719 seconds .

========================================================================
Received Import Request.
  Time since last request: 82.110080 seconds.
  path: Assets/Import0/Sign/materials
  artifactKey: Guid(88803f72e610c4557958cea942783242) Importer(815301076,1909f56bfc062723c751e8b465ee728b)
Start importing Assets/Import0/Sign/materials using Guid(88803f72e610c4557958cea942783242) Importer(815301076,1909f56bfc062723c751e8b465ee728b)  -> (artifact id: '7c58eebff33619eb7fc14194c5b1877d') in 0.001041 seconds 
  Import took 0.005923 seconds .

========================================================================
Received Import Request.
  Time since last request: 1.418802 seconds.
  path: Assets/Import0/Sign/materials/lambert1_0.mat
  artifactKey: Guid(86ba6350e0c3f444796f203f452eb8b1) Importer(815301076,1909f56bfc062723c751e8b465ee728b)
Start importing Assets/Import0/Sign/materials/lambert1_0.mat using Guid(86ba6350e0c3f444796f203f452eb8b1) Importer(815301076,1909f56bfc062723c751e8b465ee728b)  -> (artifact id: '5382f2766c92a660ef20850b7f208838') in 0.171988 seconds 
  Import took 0.175967 seconds .

========================================================================
Received Import Request.
  Time since last request: 5.685795 seconds.
  path: Assets/Import0/Sign/meshes
  artifactKey: Guid(25ee05eec90444ec2ba1fa0c2b38e96c) Importer(815301076,1909f56bfc062723c751e8b465ee728b)
Start importing Assets/Import0/Sign/meshes using Guid(25ee05eec90444ec2ba1fa0c2b38e96c) Importer(815301076,1909f56bfc062723c751e8b465ee728b)  -> (artifact id: '71c417b22ff0656ff5779daf0a2d93c4') in 0.001259 seconds 
  Import took 0.005735 seconds .

========================================================================
Received Import Request.
  Time since last request: 63.922582 seconds.
  path: Assets/Import0/Sign/textures
  artifactKey: Guid(bbc95731d924846f2a0206667811dfdc) Importer(815301076,1909f56bfc062723c751e8b465ee728b)
Start importing Assets/Import0/Sign/textures using Guid(bbc95731d924846f2a0206667811dfdc) Importer(815301076,1909f56bfc062723c751e8b465ee728b)  -> (artifact id: 'e22c96f7a9d7e97fcc6a96315c90e353') in 0.002473 seconds 
  Import took 0.007586 seconds .

========================================================================
Received Import Request.
  Time since last request: 46.415398 seconds.
  path: Assets/Import0/textures/lambert1_baseColor_0.png
  artifactKey: Guid(7a7667b15cabd475d964dac88271d1fe) Importer(815301076,1909f56bfc062723c751e8b465ee728b)
Start importing Assets/Import0/textures/lambert1_baseColor_0.png using Guid(7a7667b15cabd475d964dac88271d1fe) Importer(815301076,1909f56bfc062723c751e8b465ee728b)  -> (artifact id: '46319de61f8c3eac78263da39cddafe6') in 0.180002 seconds 
  Import took 0.185537 seconds .

========================================================================
Received Import Request.
  Time since last request: 230.036898 seconds.
  path: Assets/Import0/Prefab/messageboard.prefab
  artifactKey: Guid(4502d3f086db24f599bda347912187a7) Importer(815301076,1909f56bfc062723c751e8b465ee728b)
Start importing Assets/Import0/Prefab/messageboard.prefab using Guid(4502d3f086db24f599bda347912187a7) Importer(815301076,1909f56bfc062723c751e8b465ee728b)  -> (artifact id: '97468b5b6b8e3a446e358e645887b02c') in 0.025376 seconds 
  Import took 0.028571 seconds .

========================================================================
Received Import Request.
  Time since last request: 0.000267 seconds.
  path: Assets/Import0/Prefab/木笼子.FBX
  artifactKey: Guid(970a16a0f888045ffa312d01b1ec2446) Importer(815301076,1909f56bfc062723c751e8b465ee728b)
Start importing Assets/Import0/Prefab/木笼子.FBX using Guid(970a16a0f888045ffa312d01b1ec2446) Importer(815301076,1909f56bfc062723c751e8b465ee728b)  -> (artifact id: 'b022bfbf1158a5096ee932d34f4a0ab7') in 0.539841 seconds 
  Import took 0.542962 seconds .

========================================================================
Received Import Request.
  Time since last request: 843.266716 seconds.
  path: Assets/Import/meshes/rightarrow_0_0.asset
  artifactKey: Guid(910ffee3efdb94f5b90fa4fb8f0040c1) Importer(815301076,1909f56bfc062723c751e8b465ee728b)
Start importing Assets/Import/meshes/rightarrow_0_0.asset using Guid(910ffee3efdb94f5b90fa4fb8f0040c1) Importer(815301076,1909f56bfc062723c751e8b465ee728b)  -> (artifact id: 'b12711087d7e7a5d651e92e055d4e40f') in 0.062856 seconds 
  Import took 0.087579 seconds .

========================================================================
Received Import Request.
  Time since last request: 4.948297 seconds.
  path: Assets/Import/rightarrow.prefab
  artifactKey: Guid(7cbcca4478030430ca98a5834191a7c5) Importer(815301076,1909f56bfc062723c751e8b465ee728b)
Start importing Assets/Import/rightarrow.prefab using Guid(7cbcca4478030430ca98a5834191a7c5) Importer(815301076,1909f56bfc062723c751e8b465ee728b)  -> (artifact id: '85ce3e7de7cc9f9efc22f13f2415faa4') in 0.027402 seconds 
  Import took 0.031545 seconds .

========================================================================
Received Import Request.
  Time since last request: 90.718229 seconds.
  path: Assets/Import0/textures/fe_village_crates.png
  artifactKey: Guid(b9b961927852a40e59744676fd1571a5) Importer(815301076,1909f56bfc062723c751e8b465ee728b)
Start importing Assets/Import0/textures/fe_village_crates.png using Guid(b9b961927852a40e59744676fd1571a5) Importer(815301076,1909f56bfc062723c751e8b465ee728b)  -> (artifact id: '9b10d2c67522e96a80bcda76903d6c02') in 0.026622 seconds 
  Import took 0.031182 seconds .

========================================================================
Received Import Request.
  Time since last request: 43.646955 seconds.
  path: Assets/Import0/textures/download.jpeg
  artifactKey: Guid(58a913e69ad424661b1ad988b00aa4d8) Importer(815301076,1909f56bfc062723c751e8b465ee728b)
Start importing Assets/Import0/textures/download.jpeg using Guid(58a913e69ad424661b1ad988b00aa4d8) Importer(815301076,1909f56bfc062723c751e8b465ee728b)  -> (artifact id: 'e637594d373e4a5688e026738da9f129') in 1.449046 seconds 
  Import took 1.453587 seconds .

========================================================================
Received Import Request.
  Time since last request: 8.044494 seconds.
  path: Assets/Import0/textures/wood.jpeg
  artifactKey: Guid(58a913e69ad424661b1ad988b00aa4d8) Importer(815301076,1909f56bfc062723c751e8b465ee728b)
Start importing Assets/Import0/textures/wood.jpeg using Guid(58a913e69ad424661b1ad988b00aa4d8) Importer(815301076,1909f56bfc062723c751e8b465ee728b)  -> (artifact id: '452851adaf17c5f9805d909b6446809a') in 0.022345 seconds 
  Import took 0.026980 seconds .

========================================================================
Received Import Request.
  Time since last request: 6.619653 seconds.
  path: Assets/Import0/materials/lambert1_0.mat
  artifactKey: Guid(86ba6350e0c3f444796f203f452eb8b1) Importer(815301076,1909f56bfc062723c751e8b465ee728b)
Start importing Assets/Import0/materials/lambert1_0.mat using Guid(86ba6350e0c3f444796f203f452eb8b1) Importer(815301076,1909f56bfc062723c751e8b465ee728b)  -> (artifact id: 'b2a0df487cfdfb2f06747ac89522ea29') in 0.030850 seconds 
  Import took 0.035370 seconds .

========================================================================
Received Import Request.
  Time since last request: 7.672629 seconds.
  path: Assets/Import0/materials/wood.mat
  artifactKey: Guid(27fe0001233654950ab9d46d3be2dd0c) Importer(815301076,1909f56bfc062723c751e8b465ee728b)
Start importing Assets/Import0/materials/wood.mat using Guid(27fe0001233654950ab9d46d3be2dd0c) Importer(815301076,1909f56bfc062723c751e8b465ee728b)  -> (artifact id: '9079e41316b46d7ca143264af20c6f06') in 0.029898 seconds 
  Import took 0.035251 seconds .

========================================================================
Received Import Request.
  Time since last request: 131.029375 seconds.
  path: Assets/Import0/Prefab/messageboard.prefab
  artifactKey: Guid(4502d3f086db24f599bda347912187a7) Importer(815301076,1909f56bfc062723c751e8b465ee728b)
Start importing Assets/Import0/Prefab/messageboard.prefab using Guid(4502d3f086db24f599bda347912187a7) Importer(815301076,1909f56bfc062723c751e8b465ee728b)  -> (artifact id: '65157dfb13430675a648257003d7774f') in 0.045227 seconds 
  Import took 0.049592 seconds .

========================================================================
Received Import Request.
  Time since last request: 0.000382 seconds.
  path: Assets/Import0/Prefab/rightarrow.prefab
  artifactKey: Guid(7cbcca4478030430ca98a5834191a7c5) Importer(815301076,1909f56bfc062723c751e8b465ee728b)
Start importing Assets/Import0/Prefab/rightarrow.prefab using Guid(7cbcca4478030430ca98a5834191a7c5) Importer(815301076,1909f56bfc062723c751e8b465ee728b)  -> (artifact id: '45965a872662cabce240503892451b65') in 0.017339 seconds 
  Import took 0.019935 seconds .

========================================================================
Received Import Request.
  Time since last request: 10.495394 seconds.
  path: Assets/Import0/Prefab/Cage.FBX
  artifactKey: Guid(970a16a0f888045ffa312d01b1ec2446) Importer(815301076,1909f56bfc062723c751e8b465ee728b)
Start importing Assets/Import0/Prefab/Cage.FBX using Guid(970a16a0f888045ffa312d01b1ec2446) Importer(815301076,1909f56bfc062723c751e8b465ee728b)  -> (artifact id: '5dca1975ef7c6912b7a892a4aeb1b594') in 0.199293 seconds 
  Import took 0.203849 seconds .

========================================================================
Received Import Request.
  Time since last request: 45.097267 seconds.
  path: Assets/Import0/Messageboard.prefab
  artifactKey: Guid(3334d0841ca274d9c8e00ab5be16d2c6) Importer(815301076,1909f56bfc062723c751e8b465ee728b)
Start importing Assets/Import0/Messageboard.prefab using Guid(3334d0841ca274d9c8e00ab5be16d2c6) Importer(815301076,1909f56bfc062723c751e8b465ee728b)  -> (artifact id: '17b26949d5a3da7c6a614eb3956a9681') in 0.065411 seconds 
  Import took 0.069275 seconds .

========================================================================
Received Import Request.
  Time since last request: 45.890287 seconds.
  path: Assets/Import0/Startsign.prefab
  artifactKey: Guid(3334d0841ca274d9c8e00ab5be16d2c6) Importer(815301076,1909f56bfc062723c751e8b465ee728b)
Start importing Assets/Import0/Startsign.prefab using Guid(3334d0841ca274d9c8e00ab5be16d2c6) Importer(815301076,1909f56bfc062723c751e8b465ee728b)  -> (artifact id: '42aeb14cbb20deba1f1e8a99920dafc9') in 0.067648 seconds 
  Import took 0.072310 seconds .

========================================================================
Received Import Request.
  Time since last request: 94.629553 seconds.
  path: Assets/Scenes/test.unity
  artifactKey: Guid(a3594d629d1d2441983126572029fc73) Importer(815301076,1909f56bfc062723c751e8b465ee728b)
Start importing Assets/Scenes/test.unity using Guid(a3594d629d1d2441983126572029fc73) Importer(815301076,1909f56bfc062723c751e8b465ee728b)  -> (artifact id: '4238df4c0957cbfdb12d5fb380a70866') in 0.010761 seconds 
  Import took 0.017209 seconds .

========================================================================
Received Import Request.
  Time since last request: 6.889043 seconds.
  path: Assets/Scenes/newassets.unity
  artifactKey: Guid(a3594d629d1d2441983126572029fc73) Importer(815301076,1909f56bfc062723c751e8b465ee728b)
Start importing Assets/Scenes/newassets.unity using Guid(a3594d629d1d2441983126572029fc73) Importer(815301076,1909f56bfc062723c751e8b465ee728b)  -> (artifact id: 'b7658a25a017a6b2b2642b07f1a55171') in 0.001996 seconds 
  Import took 0.005294 seconds .

========================================================================
Received Import Request.
  Time since last request: 543.504214 seconds.
  path: Assets/Import0/Prefab/cagecue.prefab
  artifactKey: Guid(7011770d8419e4ca29c0ae8c2779ea76) Importer(815301076,1909f56bfc062723c751e8b465ee728b)
Start importing Assets/Import0/Prefab/cagecue.prefab using Guid(7011770d8419e4ca29c0ae8c2779ea76) Importer(815301076,1909f56bfc062723c751e8b465ee728b)  -> (artifact id: 'fa3e2212fe822ec4f56e929605795644') in 0.106100 seconds 
  Import took 0.127250 seconds .

========================================================================
Received Import Request.
  Time since last request: 10.721205 seconds.
  path: Assets/Import0/Prefab/Teleportcue.prefab
  artifactKey: Guid(461e868a94ceb4f419eda2f1b6c425dd) Importer(815301076,1909f56bfc062723c751e8b465ee728b)
Start importing Assets/Import0/Prefab/Teleportcue.prefab using Guid(461e868a94ceb4f419eda2f1b6c425dd) Importer(815301076,1909f56bfc062723c751e8b465ee728b)  -> (artifact id: '8c66e5a84c8fa96f5cba5b623f038563') in 0.020375 seconds 
  Import took 0.025474 seconds .

========================================================================
Received Prepare
Registering precompiled user dll's ...
Registered in 0.005225 seconds.
Begin MonoManager ReloadAssembly
Native extension for OSXStandalone target not found
Refreshing native plugins compatible for Editor in 0.46 ms, found 2 plugins.
Preloading 0 native plugins for Editor in 0.00 ms.
2022-10-09 17:18:03.422 Unity[6110:274876] NSEventModifierFlagFunction specified to -setKeyEquivalentModifierMask: for item <NSMenuItem: 0x60000121c690 Font Asset, ke='Command-F12'>, but is only supported for system-provided menu items; will not be used
Mono: successfully reloaded assembly
- Completed reload, in  1.298 seconds
Domain Reload Profiling:
	ReloadAssembly (1300ms)
		BeginReloadAssembly (218ms)
			ExecutionOrderSort (0ms)
			DisableScriptedObjects (12ms)
			BackupInstance (0ms)
			ReleaseScriptingObjects (0ms)
			CreateAndSetChildDomain (128ms)
		EndReloadAssembly (1003ms)
			LoadAssemblies (104ms)
			RebuildTransferFunctionScriptingTraits (0ms)
			SetupTypeCache (354ms)
			ReleaseScriptCaches (1ms)
			RebuildScriptCaches (48ms)
			SetupLoadedEditorAssemblies (369ms)
				LogAssemblyErrors (0ms)
				InitializePlatformSupportModulesInManaged (5ms)
				SetLoadedEditorAssemblies (1ms)
				RefreshPlugins (1ms)
				BeforeProcessingInitializeOnLoad (103ms)
				ProcessInitializeOnLoadAttributes (253ms)
				ProcessInitializeOnLoadMethodAttributes (6ms)
				AfterProcessingInitializeOnLoad (1ms)
				EditorAssembliesLoaded (0ms)
			ExecutionOrderSort2 (0ms)
			AwakeInstancesAfterBackupRestoration (8ms)
Platform modules already initialized, skipping
Refreshing native plugins compatible for Editor in 0.44 ms, found 2 plugins.
Preloading 0 native plugins for Editor in 0.00 ms.
Unloading 1428 Unused Serialized files (Serialized files now loaded: 0)
System memory in use before: 189.6 MB.
System memory in use after: 189.7 MB.

Unloading 16 unused Assets to reduce memory usage. Loaded Objects now: 1968.
Total: 2.947174 ms (FindLiveObjects: 0.217242 ms CreateObjectMapping: 0.051287 ms MarkObjects: 2.655231 ms  DeleteObjects: 0.022612 ms)

AssetImportParameters requested are different than current active one (requested -> active):
  custom:video-decoder-ogg-theora: a1e56fd34408186e4bbccfd4996cb3dc -> 
  custom:container-muxer-webm: aa71ff27fc2769a1b78a27578f13a17b -> 
  custom:container-demuxer-webm: 4f35f7cbe854078d1ac9338744f61a02 -> 
  custom:container-demuxer-ogg: 62fdf1f143b41e24485cea50d1cbac27 -> 
  custom:video-encoder-webm-vp8: eb34c28f22e8b96e1ab97ce403110664 -> 
  custom:framework-osx-AVFoundation: e770b220cccbd017edd2c1fefb359320 -> 
  custom:video-decoder-webm-vp8: 9c59270c3fd7afecdb556c50c9e8de78 -> 
  custom:audio-decoder-ogg-vorbis: bf7c407c2cedff20999df2af8eb42d56 -> 
  custom:audio-encoder-webm-vorbis: bf7c407c2cedff20999df2af8eb42d56 -> 
========================================================================
Received Import Request.
  Time since last request: 133.958199 seconds.
  path: Assets/Import0/Hovl Studio/Map track markers VFX 2/Textures
  artifactKey: Guid(b2e98ccb283619849a4fad533228a60d) Importer(815301076,1909f56bfc062723c751e8b465ee728b)
Start importing Assets/Import0/Hovl Studio/Map track markers VFX 2/Textures using Guid(b2e98ccb283619849a4fad533228a60d) Importer(815301076,1909f56bfc062723c751e8b465ee728b)  -> (artifact id: '6168f48c533f5c97f4cbb19fba9c3969') in 0.009062 seconds 
  Import took 0.014882 seconds .

========================================================================
Received Import Request.
  Time since last request: 0.106140 seconds.
  path: Assets/Import0/Hovl Studio/Map track markers VFX 2/Shaders
  artifactKey: Guid(5aee32522431ca047a15e2a724a9d911) Importer(815301076,1909f56bfc062723c751e8b465ee728b)
Start importing Assets/Import0/Hovl Studio/Map track markers VFX 2/Shaders using Guid(5aee32522431ca047a15e2a724a9d911) Importer(815301076,1909f56bfc062723c751e8b465ee728b)  -> (artifact id: '471e9a5c605ef60ec414ac99b1407fc0') in 0.001546 seconds 
  Import took 0.005523 seconds .

========================================================================
Received Import Request.
  Time since last request: 0.047072 seconds.
  path: Assets/Import0/Hovl Studio/Map track markers VFX 2/Shaders/Add_CenterGlow.shader
  artifactKey: Guid(bd6af5d577c618947b73aa60db554e51) Importer(815301076,1909f56bfc062723c751e8b465ee728b)
Start importing Assets/Import0/Hovl Studio/Map track markers VFX 2/Shaders/Add_CenterGlow.shader using Guid(bd6af5d577c618947b73aa60db554e51) Importer(815301076,1909f56bfc062723c751e8b465ee728b)  -> (artifact id: '1ff6d7cf6d21a8e1d236917a032fa5ea') in 0.586032 seconds 
  Import took 0.589844 seconds .

========================================================================
Received Import Request.
  Time since last request: 0.022401 seconds.
  path: Assets/Import0/Hovl Studio
  artifactKey: Guid(98ad703b4d92148479d674a8d2b93b1c) Importer(815301076,1909f56bfc062723c751e8b465ee728b)
Start importing Assets/Import0/Hovl Studio using Guid(98ad703b4d92148479d674a8d2b93b1c) Importer(815301076,1909f56bfc062723c751e8b465ee728b)  -> (artifact id: '59bebd0bd35c0e08464b692f1bbe230b') in 0.001338 seconds 
  Import took 0.004044 seconds .

========================================================================
Received Import Request.
  Time since last request: 0.007849 seconds.
  path: Assets/Import0/materials/wood.mat
  artifactKey: Guid(27fe0001233654950ab9d46d3be2dd0c) Importer(815301076,1909f56bfc062723c751e8b465ee728b)
Start importing Assets/Import0/materials/wood.mat using Guid(27fe0001233654950ab9d46d3be2dd0c) Importer(815301076,1909f56bfc062723c751e8b465ee728b)  -> (artifact id: 'c99d6db117da29cb65af7cf058aa16b4') in 0.082630 seconds 
  Import took 0.086379 seconds .

========================================================================
Received Import Request.
  Time since last request: 0.010352 seconds.
  path: Assets/Import0/Hovl Studio/Map track markers VFX 2/Shaders/Blend_CenterGlow.shader
  artifactKey: Guid(b68b99c2e57cef4419465c63c527201b) Importer(815301076,1909f56bfc062723c751e8b465ee728b)
Start importing Assets/Import0/Hovl Studio/Map track markers VFX 2/Shaders/Blend_CenterGlow.shader using Guid(b68b99c2e57cef4419465c63c527201b) Importer(815301076,1909f56bfc062723c751e8b465ee728b)  -> (artifact id: 'ac119459c130fb933685db894bfebca7') in 0.002507 seconds 
  Import took 0.005112 seconds .

========================================================================
Received Import Request.
  Time since last request: 67.536544 seconds.
  path: Assets/Import0/Instruction/Scenes/Instruction.unity
  artifactKey: Guid(47e6315795c30488da803bdbede7c2f3) Importer(815301076,1909f56bfc062723c751e8b465ee728b)
Start importing Assets/Import0/Instruction/Scenes/Instruction.unity using Guid(47e6315795c30488da803bdbede7c2f3) Importer(815301076,1909f56bfc062723c751e8b465ee728b)  -> (artifact id: 'be03435cfb29aecd8c89d932a4cd3cfc') in 0.004835 seconds 
  Import took 0.027366 seconds .

========================================================================
Received Prepare
Registering precompiled user dll's ...
Registered in 0.011040 seconds.
Begin MonoManager ReloadAssembly
Native extension for OSXStandalone target not found
Refreshing native plugins compatible for Editor in 0.55 ms, found 2 plugins.
Preloading 0 native plugins for Editor in 0.00 ms.
2022-10-09 17:23:49.705 Unity[6110:274876] NSEventModifierFlagFunction specified to -setKeyEquivalentModifierMask: for item <NSMenuItem: 0x60000121aa70 Font Asset, ke='Command-F12'>, but is only supported for system-provided menu items; will not be used
Mono: successfully reloaded assembly
- Completed reload, in  1.351 seconds
Domain Reload Profiling:
	ReloadAssembly (1353ms)
		BeginReloadAssembly (192ms)
			ExecutionOrderSort (0ms)
			DisableScriptedObjects (9ms)
			BackupInstance (0ms)
			ReleaseScriptingObjects (0ms)
			CreateAndSetChildDomain (107ms)
		EndReloadAssembly (1085ms)
			LoadAssemblies (127ms)
			RebuildTransferFunctionScriptingTraits (0ms)
			SetupTypeCache (384ms)
			ReleaseScriptCaches (1ms)
			RebuildScriptCaches (58ms)
			SetupLoadedEditorAssemblies (368ms)
				LogAssemblyErrors (0ms)
				InitializePlatformSupportModulesInManaged (6ms)
				SetLoadedEditorAssemblies (1ms)
				RefreshPlugins (1ms)
				BeforeProcessingInitializeOnLoad (105ms)
				ProcessInitializeOnLoadAttributes (250ms)
				ProcessInitializeOnLoadMethodAttributes (4ms)
				AfterProcessingInitializeOnLoad (1ms)
				EditorAssembliesLoaded (0ms)
			ExecutionOrderSort2 (0ms)
			AwakeInstancesAfterBackupRestoration (9ms)
Platform modules already initialized, skipping
Refreshing native plugins compatible for Editor in 0.44 ms, found 2 plugins.
Preloading 0 native plugins for Editor in 0.00 ms.
Unloading 1428 Unused Serialized files (Serialized files now loaded: 0)
System memory in use before: 193.9 MB.
System memory in use after: 194.0 MB.

Unloading 15 unused Assets to reduce memory usage. Loaded Objects now: 1971.
Total: 4.030767 ms (FindLiveObjects: 0.282313 ms CreateObjectMapping: 0.058412 ms MarkObjects: 3.634394 ms  DeleteObjects: 0.053933 ms)

AssetImportParameters requested are different than current active one (requested -> active):
  custom:video-decoder-ogg-theora: a1e56fd34408186e4bbccfd4996cb3dc -> 
  custom:container-muxer-webm: aa71ff27fc2769a1b78a27578f13a17b -> 
  custom:container-demuxer-webm: 4f35f7cbe854078d1ac9338744f61a02 -> 
  custom:container-demuxer-ogg: 62fdf1f143b41e24485cea50d1cbac27 -> 
  custom:video-encoder-webm-vp8: eb34c28f22e8b96e1ab97ce403110664 -> 
  custom:framework-osx-AVFoundation: e770b220cccbd017edd2c1fefb359320 -> 
  custom:video-decoder-webm-vp8: 9c59270c3fd7afecdb556c50c9e8de78 -> 
  custom:audio-decoder-ogg-vorbis: bf7c407c2cedff20999df2af8eb42d56 -> 
  custom:audio-encoder-webm-vorbis: bf7c407c2cedff20999df2af8eb42d56 -> 
========================================================================
Received Prepare
Registering precompiled user dll's ...
Registered in 0.011841 seconds.
Begin MonoManager ReloadAssembly
Native extension for OSXStandalone target not found
Refreshing native plugins compatible for Editor in 0.57 ms, found 2 plugins.
Preloading 0 native plugins for Editor in 0.00 ms.
2022-10-09 17:29:43.812 Unity[6110:274876] NSEventModifierFlagFunction specified to -setKeyEquivalentModifierMask: for item <NSMenuItem: 0x600001218700 Font Asset, ke='Command-F12'>, but is only supported for system-provided menu items; will not be used
Mono: successfully reloaded assembly
- Completed reload, in  1.381 seconds
Domain Reload Profiling:
	ReloadAssembly (1382ms)
		BeginReloadAssembly (194ms)
			ExecutionOrderSort (0ms)
			DisableScriptedObjects (11ms)
			BackupInstance (0ms)
			ReleaseScriptingObjects (0ms)
			CreateAndSetChildDomain (110ms)
		EndReloadAssembly (1111ms)
			LoadAssemblies (125ms)
			RebuildTransferFunctionScriptingTraits (0ms)
			SetupTypeCache (403ms)
			ReleaseScriptCaches (1ms)
			RebuildScriptCaches (55ms)
			SetupLoadedEditorAssemblies (377ms)
				LogAssemblyErrors (0ms)
				InitializePlatformSupportModulesInManaged (6ms)
				SetLoadedEditorAssemblies (1ms)
				RefreshPlugins (1ms)
				BeforeProcessingInitializeOnLoad (102ms)
				ProcessInitializeOnLoadAttributes (261ms)
				ProcessInitializeOnLoadMethodAttributes (5ms)
				AfterProcessingInitializeOnLoad (1ms)
				EditorAssembliesLoaded (0ms)
			ExecutionOrderSort2 (0ms)
			AwakeInstancesAfterBackupRestoration (9ms)
Platform modules already initialized, skipping
Refreshing native plugins compatible for Editor in 0.42 ms, found 2 plugins.
Preloading 0 native plugins for Editor in 0.00 ms.
Unloading 1428 Unused Serialized files (Serialized files now loaded: 0)
System memory in use before: 194.1 MB.
System memory in use after: 194.2 MB.

Unloading 15 unused Assets to reduce memory usage. Loaded Objects now: 1973.
Total: 3.844116 ms (FindLiveObjects: 0.276337 ms CreateObjectMapping: 0.050462 ms MarkObjects: 3.483259 ms  DeleteObjects: 0.032874 ms)

AssetImportParameters requested are different than current active one (requested -> active):
  custom:video-decoder-ogg-theora: a1e56fd34408186e4bbccfd4996cb3dc -> 
  custom:container-muxer-webm: aa71ff27fc2769a1b78a27578f13a17b -> 
  custom:container-demuxer-webm: 4f35f7cbe854078d1ac9338744f61a02 -> 
  custom:container-demuxer-ogg: 62fdf1f143b41e24485cea50d1cbac27 -> 
  custom:video-encoder-webm-vp8: eb34c28f22e8b96e1ab97ce403110664 -> 
  custom:framework-osx-AVFoundation: e770b220cccbd017edd2c1fefb359320 -> 
  custom:video-decoder-webm-vp8: 9c59270c3fd7afecdb556c50c9e8de78 -> 
  custom:audio-decoder-ogg-vorbis: bf7c407c2cedff20999df2af8eb42d56 -> 
  custom:audio-encoder-webm-vorbis: bf7c407c2cedff20999df2af8eb42d56 -> 
========================================================================
Received Prepare
Registering precompiled user dll's ...
Registered in 0.009889 seconds.
Begin MonoManager ReloadAssembly
Native extension for OSXStandalone target not found
Refreshing native plugins compatible for Editor in 0.45 ms, found 2 plugins.
Preloading 0 native plugins for Editor in 0.00 ms.
2022-10-09 17:32:26.305 Unity[6110:274876] NSEventModifierFlagFunction specified to -setKeyEquivalentModifierMask: for item <NSMenuItem: 0x6000012197a0 Font Asset, ke='Command-F12'>, but is only supported for system-provided menu items; will not be used
Mono: successfully reloaded assembly
- Completed reload, in  1.222 seconds
Domain Reload Profiling:
	ReloadAssembly (1222ms)
		BeginReloadAssembly (119ms)
			ExecutionOrderSort (0ms)
			DisableScriptedObjects (5ms)
			BackupInstance (0ms)
			ReleaseScriptingObjects (0ms)
			CreateAndSetChildDomain (54ms)
		EndReloadAssembly (1029ms)
			LoadAssemblies (119ms)
			RebuildTransferFunctionScriptingTraits (0ms)
			SetupTypeCache (351ms)
			ReleaseScriptCaches (1ms)
			RebuildScriptCaches (53ms)
			SetupLoadedEditorAssemblies (361ms)
				LogAssemblyErrors (0ms)
				InitializePlatformSupportModulesInManaged (5ms)
				SetLoadedEditorAssemblies (0ms)
				RefreshPlugins (0ms)
				BeforeProcessingInitializeOnLoad (96ms)
				ProcessInitializeOnLoadAttributes (253ms)
				ProcessInitializeOnLoadMethodAttributes (5ms)
				AfterProcessingInitializeOnLoad (1ms)
				EditorAssembliesLoaded (0ms)
			ExecutionOrderSort2 (0ms)
			AwakeInstancesAfterBackupRestoration (11ms)
Platform modules already initialized, skipping
Refreshing native plugins compatible for Editor in 0.51 ms, found 2 plugins.
Preloading 0 native plugins for Editor in 0.00 ms.
Unloading 1428 Unused Serialized files (Serialized files now loaded: 0)
System memory in use before: 194.3 MB.
System memory in use after: 194.4 MB.

Unloading 15 unused Assets to reduce memory usage. Loaded Objects now: 1975.
Total: 3.098782 ms (FindLiveObjects: 0.208331 ms CreateObjectMapping: 0.052224 ms MarkObjects: 2.821384 ms  DeleteObjects: 0.015787 ms)

AssetImportParameters requested are different than current active one (requested -> active):
  custom:video-decoder-ogg-theora: a1e56fd34408186e4bbccfd4996cb3dc -> 
  custom:container-muxer-webm: aa71ff27fc2769a1b78a27578f13a17b -> 
  custom:container-demuxer-webm: 4f35f7cbe854078d1ac9338744f61a02 -> 
  custom:container-demuxer-ogg: 62fdf1f143b41e24485cea50d1cbac27 -> 
  custom:video-encoder-webm-vp8: eb34c28f22e8b96e1ab97ce403110664 -> 
  custom:framework-osx-AVFoundation: e770b220cccbd017edd2c1fefb359320 -> 
  custom:video-decoder-webm-vp8: 9c59270c3fd7afecdb556c50c9e8de78 -> 
  custom:audio-decoder-ogg-vorbis: bf7c407c2cedff20999df2af8eb42d56 -> 
  custom:audio-encoder-webm-vorbis: bf7c407c2cedff20999df2af8eb42d56 -> 
========================================================================
Received Import Request.
  Time since last request: 5261.728303 seconds.
  path: Assets/Import0/Instruction/Scenes/Instruction.unity
  artifactKey: Guid(47e6315795c30488da803bdbede7c2f3) Importer(815301076,1909f56bfc062723c751e8b465ee728b)
Start importing Assets/Import0/Instruction/Scenes/Instruction.unity using Guid(47e6315795c30488da803bdbede7c2f3) Importer(815301076,1909f56bfc062723c751e8b465ee728b)  -> (artifact id: '1c31c49acd08207db17b738decdc2676') in 0.208316 seconds 
  Import took 0.329624 seconds .

========================================================================
Received Import Request.
  Time since last request: 12.615386 seconds.
  path: Assets/Scenes/newassets.unity
  artifactKey: Guid(a3594d629d1d2441983126572029fc73) Importer(815301076,1909f56bfc062723c751e8b465ee728b)
Start importing Assets/Scenes/newassets.unity using Guid(a3594d629d1d2441983126572029fc73) Importer(815301076,1909f56bfc062723c751e8b465ee728b)  -> (artifact id: '14bfa0a7005383d20f646669361bd2de') in 0.002800 seconds 
  Import took 0.006164 seconds .

========================================================================
Received Import Request.
  Time since last request: 199.901252 seconds.
  path: Assets/Import0/Prefab/apple.prefab
  artifactKey: Guid(359a8ea534d0949bd91e28769fd8fecc) Importer(815301076,1909f56bfc062723c751e8b465ee728b)
Start importing Assets/Import0/Prefab/apple.prefab using Guid(359a8ea534d0949bd91e28769fd8fecc) Importer(815301076,1909f56bfc062723c751e8b465ee728b)  -> (artifact id: '8f051b9d618793ab6090a990248c8074') in 0.100028 seconds 
  Import took 0.106251 seconds .

========================================================================
Received Import Request.
  Time since last request: 102.776233 seconds.
  path: Assets/Import0/meshes/Cylinder.005_3_0.asset
  artifactKey: Guid(a2a0d4ba4a1ed4a158496742d318e023) Importer(815301076,1909f56bfc062723c751e8b465ee728b)
Start importing Assets/Import0/meshes/Cylinder.005_3_0.asset using Guid(a2a0d4ba4a1ed4a158496742d318e023) Importer(815301076,1909f56bfc062723c751e8b465ee728b)  -> (artifact id: 'bd672f96430e5d95b3c528aa456259de') in 0.161539 seconds 
  Import took 0.165547 seconds .

========================================================================
Received Import Request.
  Time since last request: 0.000445 seconds.
  path: Assets/Import0/meshes/Cylinder.005_4_0.asset
  artifactKey: Guid(b2bf6059a2a224324b67a937ff49fae8) Importer(815301076,1909f56bfc062723c751e8b465ee728b)
Start importing Assets/Import0/meshes/Cylinder.005_4_0.asset using Guid(b2bf6059a2a224324b67a937ff49fae8) Importer(815301076,1909f56bfc062723c751e8b465ee728b)  -> (artifact id: 'a166c4d6749d011ae21d29c66945aff0') in 0.017923 seconds 
  Import took 0.022852 seconds .

========================================================================
Received Import Request.
  Time since last request: 0.000325 seconds.
  path: Assets/Import0/meshes/Ma.003_0_0.asset
  artifactKey: Guid(09b8c82d2c28c48df8b53c46f23c2b4a) Importer(815301076,1909f56bfc062723c751e8b465ee728b)
Start importing Assets/Import0/meshes/Ma.003_0_0.asset using Guid(09b8c82d2c28c48df8b53c46f23c2b4a) Importer(815301076,1909f56bfc062723c751e8b465ee728b)  -> (artifact id: '19db7cdab6cf2073bf0a5280e4972f05') in 0.036643 seconds 
  Import took 0.041445 seconds .

========================================================================
Received Import Request.
  Time since last request: 0.000350 seconds.
  path: Assets/Import0/meshes/Ma.003_2_0.asset
  artifactKey: Guid(5e8c84cab199c42a8a1aec546b5268a6) Importer(815301076,1909f56bfc062723c751e8b465ee728b)
Start importing Assets/Import0/meshes/Ma.003_2_0.asset using Guid(5e8c84cab199c42a8a1aec546b5268a6) Importer(815301076,1909f56bfc062723c751e8b465ee728b)  -> (artifact id: 'af95c02f52d4245da1f1ea9e0e2f47f6') in 0.020968 seconds 
  Import took 0.024942 seconds .

========================================================================
Received Import Request.
  Time since last request: 0.000258 seconds.
  path: Assets/Import0/meshes/Ma.003_1_0.asset
  artifactKey: Guid(672f4a24c314147e7be25971bf32eb46) Importer(815301076,1909f56bfc062723c751e8b465ee728b)
Start importing Assets/Import0/meshes/Ma.003_1_0.asset using Guid(672f4a24c314147e7be25971bf32eb46) Importer(815301076,1909f56bfc062723c751e8b465ee728b)  -> (artifact id: 'e270ec559a99f0a2dcca7686c9317031') in 0.026712 seconds 
  Import took 0.030096 seconds .

========================================================================
Received Prepare
Registering precompiled user dll's ...
Registered in 0.009611 seconds.
Begin MonoManager ReloadAssembly
Native extension for OSXStandalone target not found
Refreshing native plugins compatible for Editor in 0.43 ms, found 2 plugins.
Preloading 0 native plugins for Editor in 0.00 ms.
2022-10-09 19:07:33.671 Unity[6110:274876] NSEventModifierFlagFunction specified to -setKeyEquivalentModifierMask: for item <NSMenuItem: 0x6000012e3f00 Font Asset, ke='Command-F12'>, but is only supported for system-provided menu items; will not be used
Mono: successfully reloaded assembly
- Completed reload, in  1.408 seconds
Domain Reload Profiling:
	ReloadAssembly (1410ms)
		BeginReloadAssembly (260ms)
			ExecutionOrderSort (0ms)
			DisableScriptedObjects (18ms)
			BackupInstance (0ms)
			ReleaseScriptingObjects (1ms)
			CreateAndSetChildDomain (149ms)
		EndReloadAssembly (1075ms)
			LoadAssemblies (154ms)
			RebuildTransferFunctionScriptingTraits (0ms)
			SetupTypeCache (368ms)
			ReleaseScriptCaches (1ms)
			RebuildScriptCaches (56ms)
			SetupLoadedEditorAssemblies (357ms)
				LogAssemblyErrors (0ms)
				InitializePlatformSupportModulesInManaged (6ms)
				SetLoadedEditorAssemblies (1ms)
				RefreshPlugins (0ms)
				BeforeProcessingInitializeOnLoad (98ms)
				ProcessInitializeOnLoadAttributes (246ms)
				ProcessInitializeOnLoadMethodAttributes (4ms)
				AfterProcessingInitializeOnLoad (1ms)
				EditorAssembliesLoaded (0ms)
			ExecutionOrderSort2 (0ms)
			AwakeInstancesAfterBackupRestoration (8ms)
Platform modules already initialized, skipping
Refreshing native plugins compatible for Editor in 0.60 ms, found 2 plugins.
Preloading 0 native plugins for Editor in 0.00 ms.
Unloading 1428 Unused Serialized files (Serialized files now loaded: 0)
System memory in use before: 194.5 MB.
System memory in use after: 194.6 MB.

Unloading 15 unused Assets to reduce memory usage. Loaded Objects now: 1978.
Total: 4.061097 ms (FindLiveObjects: 0.318493 ms CreateObjectMapping: 0.136231 ms MarkObjects: 3.552034 ms  DeleteObjects: 0.050444 ms)

AssetImportParameters requested are different than current active one (requested -> active):
  custom:video-decoder-ogg-theora: a1e56fd34408186e4bbccfd4996cb3dc -> 
  custom:container-muxer-webm: aa71ff27fc2769a1b78a27578f13a17b -> 
  custom:container-demuxer-webm: 4f35f7cbe854078d1ac9338744f61a02 -> 
  custom:container-demuxer-ogg: 62fdf1f143b41e24485cea50d1cbac27 -> 
  custom:video-encoder-webm-vp8: eb34c28f22e8b96e1ab97ce403110664 -> 
  custom:framework-osx-AVFoundation: e770b220cccbd017edd2c1fefb359320 -> 
  custom:video-decoder-webm-vp8: 9c59270c3fd7afecdb556c50c9e8de78 -> 
  custom:audio-decoder-ogg-vorbis: bf7c407c2cedff20999df2af8eb42d56 -> 
  custom:audio-encoder-webm-vorbis: bf7c407c2cedff20999df2af8eb42d56 -> 
========================================================================
Received Import Request.
  Time since last request: 1732.493482 seconds.
  path: Assets/EndlessBook/Demos/Demo 01/Scenes/Demo 01.unity
  artifactKey: Guid(e4aa6b83f4810dd40ac4c4fa876e3460) Importer(815301076,1909f56bfc062723c751e8b465ee728b)
Start importing Assets/EndlessBook/Demos/Demo 01/Scenes/Demo 01.unity using Guid(e4aa6b83f4810dd40ac4c4fa876e3460) Importer(815301076,1909f56bfc062723c751e8b465ee728b)  -> (artifact id: '58e873b4f47f119ea4c654ea4928d301') in 0.025186 seconds 
  Import took 0.030846 seconds .

========================================================================
Received Import Request.
  Time since last request: 50.858551 seconds.
  path: Assets/EndlessBook/Demos/Demo 03 - Manual Page Turn/Scenes/Demo 03.unity
  artifactKey: Guid(2ca0ff232146546a280144546c80e95b) Importer(815301076,1909f56bfc062723c751e8b465ee728b)
Start importing Assets/EndlessBook/Demos/Demo 03 - Manual Page Turn/Scenes/Demo 03.unity using Guid(2ca0ff232146546a280144546c80e95b) Importer(815301076,1909f56bfc062723c751e8b465ee728b)  -> (artifact id: '741dfce6e4e17a37f51e3117c491a9c7') in 0.008368 seconds 
  Import took 0.030395 seconds .

========================================================================
Received Prepare
Registering precompiled user dll's ...
Registered in 0.010860 seconds.
Begin MonoManager ReloadAssembly
Native extension for OSXStandalone target not found
Refreshing native plugins compatible for Editor in 0.45 ms, found 2 plugins.
Preloading 0 native plugins for Editor in 0.00 ms.
2022-10-09 19:24:26.197 Unity[6110:274876] NSEventModifierFlagFunction specified to -setKeyEquivalentModifierMask: for item <NSMenuItem: 0x600001206920 Font Asset, ke='Command-F12'>, but is only supported for system-provided menu items; will not be used
Mono: successfully reloaded assembly
- Completed reload, in  1.254 seconds
Domain Reload Profiling:
	ReloadAssembly (1256ms)
		BeginReloadAssembly (180ms)
			ExecutionOrderSort (0ms)
			DisableScriptedObjects (11ms)
			BackupInstance (0ms)
			ReleaseScriptingObjects (0ms)
			CreateAndSetChildDomain (103ms)
		EndReloadAssembly (983ms)
			LoadAssemblies (128ms)
			RebuildTransferFunctionScriptingTraits (0ms)
			SetupTypeCache (327ms)
			ReleaseScriptCaches (1ms)
			RebuildScriptCaches (48ms)
			SetupLoadedEditorAssemblies (349ms)
				LogAssemblyErrors (0ms)
				InitializePlatformSupportModulesInManaged (5ms)
				SetLoadedEditorAssemblies (1ms)
				RefreshPlugins (1ms)
				BeforeProcessingInitializeOnLoad (99ms)
				ProcessInitializeOnLoadAttributes (239ms)
				ProcessInitializeOnLoadMethodAttributes (4ms)
				AfterProcessingInitializeOnLoad (1ms)
				EditorAssembliesLoaded (0ms)
			ExecutionOrderSort2 (0ms)
			AwakeInstancesAfterBackupRestoration (8ms)
Platform modules already initialized, skipping
Refreshing native plugins compatible for Editor in 0.49 ms, found 2 plugins.
Preloading 0 native plugins for Editor in 0.00 ms.
Unloading 1428 Unused Serialized files (Serialized files now loaded: 0)
System memory in use before: 194.8 MB.
System memory in use after: 194.9 MB.

Unloading 15 unused Assets to reduce memory usage. Loaded Objects now: 1980.
Total: 5.445482 ms (FindLiveObjects: 0.462940 ms CreateObjectMapping: 0.168124 ms MarkObjects: 4.732359 ms  DeleteObjects: 0.080636 ms)

AssetImportParameters requested are different than current active one (requested -> active):
  custom:video-decoder-ogg-theora: a1e56fd34408186e4bbccfd4996cb3dc -> 
  custom:container-muxer-webm: aa71ff27fc2769a1b78a27578f13a17b -> 
  custom:container-demuxer-webm: 4f35f7cbe854078d1ac9338744f61a02 -> 
  custom:container-demuxer-ogg: 62fdf1f143b41e24485cea50d1cbac27 -> 
  custom:video-encoder-webm-vp8: eb34c28f22e8b96e1ab97ce403110664 -> 
  custom:framework-osx-AVFoundation: e770b220cccbd017edd2c1fefb359320 -> 
  custom:video-decoder-webm-vp8: 9c59270c3fd7afecdb556c50c9e8de78 -> 
  custom:audio-decoder-ogg-vorbis: bf7c407c2cedff20999df2af8eb42d56 -> 
  custom:audio-encoder-webm-vorbis: bf7c407c2cedff20999df2af8eb42d56 -> 
AssetImportWorkerClient::OnTransportError - code=2 error=End of file
